[debug] [2024-09-03T13:48:24.504Z] ----------------------------------------------------------------------
[debug] [2024-09-03T13:48:24.507Z] Command:       D:\Apps path\nodejs\node.exe C:\Users\teche\AppData\Roaming\npm\node_modules\firebase-tools\lib\bin\firebase.js init
[debug] [2024-09-03T13:48:24.507Z] CLI Version:   13.16.0
[debug] [2024-09-03T13:48:24.508Z] Platform:      win32
[debug] [2024-09-03T13:48:24.508Z] Node Version:  v20.17.0
[debug] [2024-09-03T13:48:24.508Z] Time:          Tue Sep 03 2024 19:18:24 GMT+0530 (India Standard Time)
[debug] [2024-09-03T13:48:24.508Z] ----------------------------------------------------------------------
[debug] 
[debug] [2024-09-03T13:48:24.516Z] > command requires scopes: ["email","openid","https://www.googleapis.com/auth/cloudplatformprojects.readonly","https://www.googleapis.com/auth/firebase","https://www.googleapis.com/auth/cloud-platform"]
[debug] [2024-09-03T13:48:24.518Z] > authorizing via signed-in user (thotadasaitarun1@gmail.com)
[info] 
     ######## #### ########  ######## ########     ###     ######  ########
     ##        ##  ##     ## ##       ##     ##  ##   ##  ##       ##
     ######    ##  ########  ######   ########  #########  ######  ######
     ##        ##  ##    ##  ##       ##     ## ##     ##       ## ##
     ##       #### ##     ## ######## ########  ##     ##  ######  ########

You're about to initialize a Firebase project in this directory:

  D:\MusicPlayer\client

[info] 
=== Project Setup
[info] 
[info] First, let's associate this project directory with a Firebase project.
[info] You can create multiple project aliases by running firebase use --add, 
[info] but for now we'll just set up a default project.
[info] 
[debug] [2024-09-03T13:49:02.085Z] >>> [apiv2][query] GET https://firebase.googleapis.com/v1beta1/projects pageSize=100
[debug] [2024-09-03T13:49:03.121Z] <<< [apiv2][status] GET https://firebase.googleapis.com/v1beta1/projects 200
[debug] [2024-09-03T13:49:03.121Z] <<< [apiv2][body] GET https://firebase.googleapis.com/v1beta1/projects [omitted]
[info] i  Using project musicplayer-94ad6 (MusicPlayer) 
[info] 
=== Hosting Setup
[debug] [2024-09-03T13:49:07.708Z] >>> [apiv2][query] GET https://firebase.googleapis.com/v1beta1/projects/musicplayer-94ad6 [none]
[debug] [2024-09-03T13:49:08.177Z] <<< [apiv2][status] GET https://firebase.googleapis.com/v1beta1/projects/musicplayer-94ad6 200
[debug] [2024-09-03T13:49:08.177Z] <<< [apiv2][body] GET https://firebase.googleapis.com/v1beta1/projects/musicplayer-94ad6 {"projectId":"musicplayer-94ad6","projectNumber":"107893225783","displayName":"MusicPlayer","name":"projects/musicplayer-94ad6","resources":{"hostingSite":"musicplayer-94ad6"},"state":"ACTIVE","etag":"1_088db815-7591-4343-ab6a-1544191d22b9"}
[info] 
[info] Your public directory is the folder (relative to your project directory) that
[info] will contain Hosting assets to be uploaded with firebase deploy. If you
[info] have a build process for your assets, use your build's output directory.
[info] 
[debug] [2024-09-03T13:51:25.206Z] >>> [apiv2][query] GET https://www.gstatic.com/firebasejs/releases.json [none]
[debug] [2024-09-03T13:51:25.447Z] <<< [apiv2][status] GET https://www.gstatic.com/firebasejs/releases.json 200
[debug] [2024-09-03T13:51:25.447Z] <<< [apiv2][body] GET https://www.gstatic.com/firebasejs/releases.json {"current":{"version":"10.13.1","browserURL":"https://www.gstatic.com/firebasejs/10.13.1/firebase.js","packageURL":"https://www.gstatic.com/firebasejs/10.13.1/firebase.tgz"},"live":{"version":"10.13","browserURL":"https://www.gstatic.com/firebasejs/live/10.13/firebase.js","packageURL":"https://www.gstatic.com/firebasejs/live/10.13/firebase.tgz"},"components":{"analytics":"https://www.gstatic.com/firebasejs/10.13.1/firebase-analytics.js","app":"https://www.gstatic.com/firebasejs/10.13.1/firebase-app.js","app-check":"https://www.gstatic.com/firebasejs/10.13.1/firebase-app-check.js","auth":"https://www.gstatic.com/firebasejs/10.13.1/firebase-auth.js","auth/cordova":"https://www.gstatic.com/firebasejs/10.13.1/firebase-auth/cordova.js","auth/web-extension":"https://www.gstatic.com/firebasejs/10.13.1/firebase-auth/web-extension.js","functions":"https://www.gstatic.com/firebasejs/10.13.1/firebase-functions.js","firestore":"https://www.gstatic.com/firebasejs/10.13.1/firebase-firestore.js","firestore/lite":"https://www.gstatic.com/firebasejs/10.13.1/firebase-firestore/lite.js","installations":"https://www.gstatic.com/firebasejs/10.13.1/firebase-installations.js","storage":"https://www.gstatic.com/firebasejs/10.13.1/firebase-storage.js","performance":"https://www.gstatic.com/firebasejs/10.13.1/firebase-performance.js","remote-config":"https://www.gstatic.com/firebasejs/10.13.1/firebase-remote-config.js","messaging":"https://www.gstatic.com/firebasejs/10.13.1/firebase-messaging.js","messaging/sw":"https://www.gstatic.com/firebasejs/10.13.1/firebase-messaging/sw.js","database":"https://www.gstatic.com/firebasejs/10.13.1/firebase-database.js","vertexai-preview":"https://www.gstatic.com/firebasejs/10.13.1/firebase-vertexai-preview.js","firestore.memory":"https://www.gstatic.com/firebasejs/10.13.1/firebase-firestore.memory.js"}}
[info] +  Wrote build/index.html 
[info] 
[info] i  Detected a .git folder at D:\MusicPlayer 
[info] i  Authorizing with GitHub to upload your service account to a GitHub repository's secrets store. 
[info] 
[info] Visit this URL on this device to log in:
[info] https://github.com/login/oauth/authorize?client_id=89cf50f02ac6aaed3484&state=505104097&redirect_uri=http%3A%2F%2Flocalhost%3A9005&scope=read%3Auser%20repo%20public_repo
[info] 
[info] Waiting for authentication...
[debug] [2024-09-03T13:52:24.949Z] >>> [apiv2][query] POST https://github.com/login/oauth/access_token [none]
[debug] [2024-09-03T13:52:24.950Z] >>> [apiv2][body] POST https://github.com/login/oauth/access_token [stream]
[debug] [2024-09-03T13:52:25.657Z] <<< [apiv2][status] POST https://github.com/login/oauth/access_token 200
[debug] [2024-09-03T13:52:25.657Z] <<< [apiv2][body] POST https://github.com/login/oauth/access_token {"access_token":"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","token_type":"bearer","scope":"read:user,repo"}
[debug] [2024-09-03T13:52:25.663Z] >>> [apiv2][query] GET https://api.github.com/user [none]
[debug] [2024-09-03T13:52:26.351Z] <<< [apiv2][status] GET https://api.github.com/user 200
[debug] [2024-09-03T13:52:26.351Z] <<< [apiv2][body] GET https://api.github.com/user {"login":"saitarunthotada","id":101637504,"node_id":"U_kgDOBg7dgA","avatar_url":"https://avatars.githubusercontent.com/u/101637504?v=4","gravatar_id":"","url":"https://api.github.com/users/saitarunthotada","html_url":"https://github.com/saitarunthotada","followers_url":"https://api.github.com/users/saitarunthotada/followers","following_url":"https://api.github.com/users/saitarunthotada/following{/other_user}","gists_url":"https://api.github.com/users/saitarunthotada/gists{/gist_id}","starred_url":"https://api.github.com/users/saitarunthotada/starred{/owner}{/repo}","subscriptions_url":"https://api.github.com/users/saitarunthotada/subscriptions","organizations_url":"https://api.github.com/users/saitarunthotada/orgs","repos_url":"https://api.github.com/users/saitarunthotada/repos","events_url":"https://api.github.com/users/saitarunthotada/events{/privacy}","received_events_url":"https://api.github.com/users/saitarunthotada/received_events","type":"User","site_admin":false,"name":"saitarun thotada","company":null,"blog":"","location":"India","email":null,"hireable":null,"bio":"Associate Software Engineer, interested to code, play with gadgets and browsing a lot of useful technology related articles.","twitter_username":null,"notification_email":null,"public_repos":3,"public_gists":0,"followers":0,"following":0,"created_at":"2022-03-15T10:49:58Z","updated_at":"2023-12-27T07:49:26Z","private_gists":0,"total_private_repos":2,"owned_private_repos":2,"disk_usage":5953,"collaborators":0,"two_factor_authentication":false,"plan":{"name":"free","space":976562499,"collaborators":0,"private_repos":10000}}
[info] 
[info] +  Success! Logged into GitHub as saitarunthotada 
[info] 
